     1                                  ;*------------------------------------------------------*
     2                                  ;|文件名:	iasmldr.asm									|
     3                                  ;|作者:		Ihsoh										|
     4                                  ;|创建时间:	2013-12-26									|
     5                                  ;|														|
     6                                  ;|描述:													|
     7                                  ;|	IASM的加载器										|
     8                                  ;*------------------------------------------------------*	
     9                                  
    10                                  Header:
    11                                  
    12 00000000 4D54413136              	DB	'MTA16'
    13 00000005 [4300]                  	DW	Start
    14 00000007 00<rept>                	TIMES 20 DB 0
    15                                  
    16 0000001B 6961736D2E612E7061-     	IASM_A_PAK	DB 'iasm.a.pak'
    17 00000024 6B                 
    18 00000025 00<rept>                				TIMES 20 - ($ - IASM_A_PAK) DB 0
    19 0000002F 6961736D2E622E7061-     	IASM_B_PAK	DB 'iasm.b.pak'
    20 00000038 6B                 
    21 00000039 00<rept>                				TIMES 20 - ($ - IASM_B_PAK) DB 0
    22                                  	
    23                                  Start:
    24                                  	
    25 00000043 8CC8                    	MOV		AX, CS
    26 00000045 8ED8                    	MOV		DS, AX
    27 00000047 8EC0                    	MOV		ES, AX
    28 00000049 8ED0                    	MOV		SS, AX
    29 0000004B BCFEFF                  	MOV		SP, 0FFFEH
    30                                  	
    31 0000004E BE[1B00]                	MOV		SI, IASM_A_PAK
    32 00000051 BF0001                  	MOV		DI, 256
    33 00000054 B40D                    	MOV		AH, 13
    34 00000056 CD21                    	INT		21H
    35                                  	
    36 00000058 BE[2F00]                	MOV		SI, IASM_B_PAK
    37 0000005B 81C7006D                	ADD		DI, 256 + 27648
    38 0000005F CD21                    	INT		21H
    39                                  	
    40 00000061 BE0002                  	MOV		SI, 256 + 256
    41 00000064 BF0001                  	MOV		DI, 256
    42 00000067 B900D8                  	MOV		CX, 27648 * 2
    43 0000006A FC                      	CLD
    44 0000006B F3A4                    	REP MOVSB
    45                                  	
    46 0000006D E99000                  	JMP		RealStart
    47                                  	
    48 00000070 00<rept>                	TIMES 256 - ($ - Header) DB 0
    49                                  	
    50                                  RealStart:
